# JRE version: OpenJDK Runtime Environment (11.0.9+11) (build 11.0.9+11-Ubuntu-0ubuntu1.20.04)
# Java VM: OpenJDK 64-Bit Server VM (11.0.9+11-Ubuntu-0ubuntu1.20.04, mixed mode, sharing, tiered, compressed oops, g1 gc, linux-amd64)
Heap:
 garbage-first heap   total 261120K, used 123595K [0x0000000746800000, 0x0000000800000000)
  region size 1024K, 122 young (124928K), 15 survivors (15360K)
 Metaspace       used 27981K, capacity 28820K, committed 29104K, reserved 1075200K
  class space    used 3191K, capacity 3517K, committed 3584K, reserved 1048576K
GC Heap History (11 events):
Event: 0.443 GC heap before
{Heap before GC invocations=0 (full 0):
 garbage-first heap   total 192512K, used 15048K [0x0000000746800000, 0x0000000800000000)
  region size 1024K, 14 young (14336K), 0 survivors (0K)
 Metaspace       used 4047K, capacity 7089K, committed 7296K, reserved 1056768K
  class space    used 454K, capacity 792K, committed 896K, reserved 1048576K
}
Event: 0.452 GC heap after
{Heap after GC invocations=1 (full 0):
 garbage-first heap   total 192512K, used 3312K [0x0000000746800000, 0x0000000800000000)
  region size 1024K, 2 young (2048K), 2 survivors (2048K)
 Metaspace       used 4047K, capacity 7089K, committed 7296K, reserved 1056768K
  class space    used 454K, capacity 792K, committed 896K, reserved 1048576K
}
Event: 0.636 GC heap before
{Heap before GC invocations=1 (full 0):
 garbage-first heap   total 192512K, used 15600K [0x0000000746800000, 0x0000000800000000)
  region size 1024K, 14 young (14336K), 2 survivors (2048K)
 Metaspace       used 5432K, capacity 7998K, committed 8192K, reserved 1056768K
  class space    used 641K, capacity 924K, committed 1024K, reserved 1048576K
}
Event: 0.644 GC heap after
{Heap after GC invocations=2 (full 0):
 garbage-first heap   total 192512K, used 3856K [0x0000000746800000, 0x0000000800000000)
  region size 1024K, 1 young (1024K), 1 survivors (1024K)
 Metaspace       used 5432K, capacity 7998K, committed 8192K, reserved 1056768K
  class space    used 641K, capacity 924K, committed 1024K, reserved 1048576K
}
Event: 1.187 GC heap before
{Heap before GC invocations=2 (full 0):
 garbage-first heap   total 192512K, used 36624K [0x0000000746800000, 0x0000000800000000)
  region size 1024K, 33 young (33792K), 1 survivors (1024K)
 Metaspace       used 10434K, capacity 12590K, committed 12928K, reserved 1060864K
  class space    used 1287K, capacity 1550K, committed 1664K, reserved 1048576K
}
Event: 1.191 GC heap after
{Heap after GC invocations=3 (full 0):
 garbage-first heap   total 192512K, used 5607K [0x0000000746800000, 0x0000000800000000)
  region size 1024K, 3 young (3072K), 3 survivors (3072K)
 Metaspace       used 10434K, capacity 12590K, committed 12928K, reserved 1060864K
  class space    used 1287K, capacity 1550K, committed 1664K, reserved 1048576K
}
Event: 1.952 GC heap before
{Heap before GC invocations=3 (full 0):
 garbage-first heap   total 192512K, used 58855K [0x0000000746800000, 0x0000000800000000)
  region size 1024K, 55 young (56320K), 3 survivors (3072K)
 Metaspace       used 13771K, capacity 15355K, committed 15744K, reserved 1062912K
  class space    used 1589K, capacity 1802K, committed 1920K, reserved 1048576K
}
Event: 1.974 GC heap after
{Heap after GC invocations=4 (full 0):
 garbage-first heap   total 192512K, used 9327K [0x0000000746800000, 0x0000000800000000)
  region size 1024K, 6 young (6144K), 6 survivors (6144K)
 Metaspace       used 13771K, capacity 15355K, committed 15744K, reserved 1062912K
  class space    used 1589K, capacity 1802K, committed 1920K, reserved 1048576K
}
Event: 2.935 GC heap before
{Heap before GC invocations=4 (full 0):
 garbage-first heap   total 192512K, used 99439K [0x0000000746800000, 0x0000000800000000)
  region size 1024K, 96 young (98304K), 6 survivors (6144K)
 Metaspace       used 19878K, capacity 21061K, committed 21296K, reserved 1069056K
  class space    used 2357K, capacity 2621K, committed 2688K, reserved 1048576K
}
Event: 2.962 GC heap after
{Heap after GC invocations=5 (full 0):
 garbage-first heap   total 261120K, used 14027K [0x0000000746800000, 0x0000000800000000)
  region size 1024K, 11 young (11264K), 11 survivors (11264K)
 Metaspace       used 19878K, capacity 21061K, committed 21296K, reserved 1069056K
  class space    used 2357K, capacity 2621K, committed 2688K, reserved 1048576K
}
Event: 4.556 GC heap before
{Heap before GC invocations=6 (full 0):
 garbage-first heap   total 261120K, used 122571K [0x0000000746800000, 0x0000000800000000)
  region size 1024K, 118 young (120832K), 11 survivors (11264K)
 Metaspace       used 27981K, capacity 28820K, committed 29104K, reserved 1075200K
  class space    used 3191K, capacity 3517K, committed 3584K, reserved 1048576K
}

