# JRE version: OpenJDK Runtime Environment (11.0.9.1+1) (build 11.0.9.1+1-Ubuntu-0ubuntu1.20.04)
# Java VM: OpenJDK 64-Bit Server VM (11.0.9.1+1-Ubuntu-0ubuntu1.20.04, mixed mode, sharing, tiered, compressed oops, g1 gc, linux-amd64)
Heap:
 garbage-first heap   total 231424K, used 119695K [0x0000000746800000, 0x0000000800000000)
  region size 1024K, 115 young (117760K), 11 survivors (11264K)
 Metaspace       used 26278K, capacity 27058K, committed 27312K, reserved 1073152K
  class space    used 2945K, capacity 3221K, committed 3328K, reserved 1048576K
GC Heap History (10 events):
Event: 0.556 GC heap before
{Heap before GC invocations=0 (full 0):
 garbage-first heap   total 192512K, used 15048K [0x0000000746800000, 0x0000000800000000)
  region size 1024K, 14 young (14336K), 0 survivors (0K)
 Metaspace       used 4051K, capacity 7153K, committed 7296K, reserved 1056768K
  class space    used 460K, capacity 792K, committed 896K, reserved 1048576K
}
Event: 0.564 GC heap after
{Heap after GC invocations=1 (full 0):
 garbage-first heap   total 192512K, used 3287K [0x0000000746800000, 0x0000000800000000)
  region size 1024K, 2 young (2048K), 2 survivors (2048K)
 Metaspace       used 4051K, capacity 7153K, committed 7296K, reserved 1056768K
  class space    used 460K, capacity 792K, committed 896K, reserved 1048576K
}
Event: 0.766 GC heap before
{Heap before GC invocations=1 (full 0):
 garbage-first heap   total 192512K, used 15575K [0x0000000746800000, 0x0000000800000000)
  region size 1024K, 14 young (14336K), 2 survivors (2048K)
 Metaspace       used 5399K, capacity 7998K, committed 8192K, reserved 1056768K
  class space    used 641K, capacity 924K, committed 1024K, reserved 1048576K
}
Event: 0.772 GC heap after
{Heap after GC invocations=2 (full 0):
 garbage-first heap   total 192512K, used 3811K [0x0000000746800000, 0x0000000800000000)
  region size 1024K, 1 young (1024K), 1 survivors (1024K)
 Metaspace       used 5399K, capacity 7998K, committed 8192K, reserved 1056768K
  class space    used 641K, capacity 924K, committed 1024K, reserved 1048576K
}
Event: 1.418 GC heap before
{Heap before GC invocations=2 (full 0):
 garbage-first heap   total 192512K, used 37603K [0x0000000746800000, 0x0000000800000000)
  region size 1024K, 34 young (34816K), 1 survivors (1024K)
 Metaspace       used 10462K, capacity 12686K, committed 12928K, reserved 1060864K
  class space    used 1290K, capacity 1582K, committed 1664K, reserved 1048576K
}
Event: 1.426 GC heap after
{Heap after GC invocations=3 (full 0):
 garbage-first heap   total 192512K, used 5577K [0x0000000746800000, 0x0000000800000000)
  region size 1024K, 3 young (3072K), 3 survivors (3072K)
 Metaspace       used 10462K, capacity 12686K, committed 12928K, reserved 1060864K
  class space    used 1290K, capacity 1582K, committed 1664K, reserved 1048576K
}
Event: 2.207 GC heap before
{Heap before GC invocations=3 (full 0):
 garbage-first heap   total 192512K, used 60873K [0x0000000746800000, 0x0000000800000000)
  region size 1024K, 57 young (58368K), 3 survivors (3072K)
 Metaspace       used 13773K, capacity 15356K, committed 15744K, reserved 1062912K
  class space    used 1589K, capacity 1802K, committed 1920K, reserved 1048576K
}
Event: 2.217 GC heap after
{Heap after GC invocations=4 (full 0):
 garbage-first heap   total 192512K, used 9383K [0x0000000746800000, 0x0000000800000000)
  region size 1024K, 6 young (6144K), 6 survivors (6144K)
 Metaspace       used 13773K, capacity 15356K, committed 15744K, reserved 1062912K
  class space    used 1589K, capacity 1802K, committed 1920K, reserved 1048576K
}
Event: 3.157 GC heap before
{Heap before GC invocations=4 (full 0):
 garbage-first heap   total 192512K, used 101543K [0x0000000746800000, 0x0000000800000000)
  region size 1024K, 98 young (100352K), 6 survivors (6144K)
 Metaspace       used 19974K, capacity 21130K, committed 21296K, reserved 1069056K
  class space    used 2362K, capacity 2623K, committed 2688K, reserved 1048576K
}
Event: 3.177 GC heap after
{Heap after GC invocations=5 (full 0):
 garbage-first heap   total 231424K, used 14223K [0x0000000746800000, 0x0000000800000000)
  region size 1024K, 11 young (11264K), 11 survivors (11264K)
 Metaspace       used 19974K, capacity 21130K, committed 21296K, reserved 1069056K
  class space    used 2362K, capacity 2623K, committed 2688K, reserved 1048576K
}

